<?xml version="1.0" encoding="UTF-8"?>
<!-- Generated by org.testng.reporters.JUnitReportReporter -->
<testsuite skipped="0" hostname="DESKTOP-D4EK8RK" name="TestngConcepts.InvocationCountTest" tests="15" failures="0" timestamp="12 Oct 2020 21:29:45 GMT" time="0.021" errors="0">
  <testcase name="reversewithStringbuffer" time="0.001" classname="TestngConcepts.InvocationCountTest"/>
  <testcase name="reversewithStringbuffer" time="0.001" classname="TestngConcepts.InvocationCountTest"/>
  <testcase name="reversewithStringbuffer" time="0.001" classname="TestngConcepts.InvocationCountTest"/>
  <testcase name="reverseString" time="0.000" classname="TestngConcepts.InvocationCountTest"/>
  <testcase name="reverseString" time="0.002" classname="TestngConcepts.InvocationCountTest"/>
  <testcase name="reverseString" time="0.001" classname="TestngConcepts.InvocationCountTest"/>
  <testcase name="reverseString" time="0.008" classname="TestngConcepts.InvocationCountTest"/>
  <testcase name="reverseString" time="0.001" classname="TestngConcepts.InvocationCountTest"/>
  <testcase name="reversewithStringbuffer" time="0.002" classname="TestngConcepts.InvocationCountTest"/>
  <testcase name="reverseString" time="0.001" classname="TestngConcepts.InvocationCountTest"/>
  <testcase name="reverseString" time="0.000" classname="TestngConcepts.InvocationCountTest"/>
  <testcase name="reverseString" time="0.001" classname="TestngConcepts.InvocationCountTest"/>
  <testcase name="reverseString" time="0.001" classname="TestngConcepts.InvocationCountTest"/>
  <testcase name="reverseString" time="0.000" classname="TestngConcepts.InvocationCountTest"/>
  <testcase name="reversewithStringbuffer" time="0.001" classname="TestngConcepts.InvocationCountTest"/>
</testsuite> <!-- TestngConcepts.InvocationCountTest -->
