<?xml version="1.0" encoding="UTF-8"?>
<!-- Generated by org.testng.reporters.JUnitReportReporter -->
<testsuite skipped="0" hostname="DESKTOP-D4EK8RK" name="TestngConcepts.TestngBasics" tests="1" failures="0" timestamp="10 Oct 2020 22:08:10 GMT" time="0.005" errors="0">
  <testcase name="googletile" time="0.005" classname="TestngConcepts.TestngBasics"/>
</testsuite> <!-- TestngConcepts.TestngBasics -->
