<?xml version="1.0" encoding="UTF-8"?>
<!-- Generated by org.testng.reporters.JUnitReportReporter -->
<testsuite skipped="0" hostname="DESKTOP-D4EK8RK" name="com.test.TestngFeatures" tests="3" failures="0" timestamp="15 Feb 2019 06:07:22 GMT" time="0.009" errors="0">
  <testcase name="Searchpage" time="0.001" classname="com.test.TestngFeatures"/>
  <testcase name="login" time="0.001" classname="com.test.TestngFeatures"/>
  <testcase name="HomePageTest" time="0.007" classname="com.test.TestngFeatures"/>
</testsuite> <!-- com.test.TestngFeatures -->
