<?xml version="1.0" encoding="UTF-8"?>
<!-- Generated by org.testng.reporters.JUnitReportReporter -->
<testsuite skipped="0" hostname="DESKTOP-D4EK8RK" name="com.test.Testngbasics" tests="2" failures="0" timestamp="14 Feb 2019 21:49:20 GMT" time="0.005" errors="0">
  <testcase name="googleTest" time="0.002" classname="com.test.Testngbasics"/>
  <testcase name="chromeTest" time="0.003" classname="com.test.Testngbasics"/>
</testsuite> <!-- com.test.Testngbasics -->
